<?xml version="1.0" encoding="utf-8"?><testsuites name="pytest tests"><testsuite name="pytest" errors="0" failures="0" skipped="0" tests="22" time="45.952" timestamp="2026-08-03T17:44:38.833050+00:00" hostname="agent-env-f595dd4e-1212-418b-b091-0a0a473ba59b"><testcase classname="tests.test_robot_integration.TestMissionClaim" name="test_mine_claimed_no_auth" time="0.096" /><testcase classname="tests.test_robot_integration.TestRobotSelfServe" name="test_status_no_key" time="0.160" /><testcase classname="tests.test_robot_integration.TestRobotSelfServe" name="test_status_wrong_key" time="0.697" /><testcase classname="tests.test_robot_integration.TestMissionClaim" name="test_mine_claimed_empty" time="0.764" /><testcase classname="tests.test_robot_integration.TestRobotSelfServe" name="test_status_valid_updates_robot" time="1.930" /><testcase classname="tests.test_robot_integration.TestRobotSelfServe" name="test_patrol_valid" time="0.892" /><testcase classname="tests.test_robot_integration.TestMissionClaim" name="test_claim_and_conflict" time="5.676" /><testcase classname="tests.test_robot_integration.TestRobotSelfServe" name="test_detection_valid_creates_mission" time="12.347" /><testcase classname="tests.test_robot_integration.TestMissionClaim" name="test_claim_nonexistent_404" time="0.088" /><testcase classname="tests.test_robot_integration.TestMissionClaim" name="test_claim_completed_400" time="0.467" /><testcase classname="tests.test_robot_integration.TestPointsFormula" name="test_size_medium_with_object_count_bonus" time="9.939" /><testcase classname="tests.test_robot_integration.TestAdminRobotMgmt" name="test_non_admin_cannot_register" time="0.372" /><testcase classname="tests.test_robot_integration.TestAdminRobotMgmt" name="test_register_returns_key_once" time="0.000" /><testcase classname="tests.test_robot_integration.TestAdminRobotMgmt" name="test_list_robots_no_hash" time="0.087" /><testcase classname="tests.test_robot_integration.TestAdminRobotMgmt" name="test_get_robot_detail_initial" time="0.468" /><testcase classname="tests.test_robot_integration.TestAdminSimulateDetection" name="test_non_admin_forbidden" time="0.092" /><testcase classname="tests.test_robot_integration.TestPointsFormula" name="test_small_default" time="10.155" /><testcase classname="tests.test_robot_integration.TestAdminSimulateDetection" name="test_admin_simulate_and_stats" time="1.326" /><testcase classname="tests.test_robot_integration.TestAdminStats" name="test_stats_has_robot_fields" time="0.097" /><testcase classname="tests.test_robot_integration.TestDeleteRobot" name="test_delete_robot" time="0.567" /><testcase classname="tests.test_robot_integration.TestPointsFormula" name="test_multi_default" time="9.177" /><testcase classname="tests.test_robot_integration.TestPointsFormula" name="test_bonus_cap" time="9.268" /></testsuite></testsuites>