<?xml version="1.0" encoding="utf-8"?><testsuites name="pytest tests"><testsuite name="pytest" errors="0" failures="0" skipped="1" tests="25" time="8.575" timestamp="2026-08-03T17:02:05.467109+00:00" hostname="agent-env-f595dd4e-1212-418b-b091-0a0a473ba59b"><testcase classname="tests.test_cleanrewards_api" name="test_01_signup" time="0.513" /><testcase classname="tests.test_cleanrewards_api" name="test_02_signup_duplicate_email" time="0.041" /><testcase classname="tests.test_cleanrewards_api" name="test_03_login_correct" time="0.263" /><testcase classname="tests.test_cleanrewards_api" name="test_04_login_wrong_password" time="0.267" /><testcase classname="tests.test_cleanrewards_api" name="test_05_google_login_creates_new_user" time="0.051" /><testcase classname="tests.test_cleanrewards_api" name="test_06_reset_password" time="0.837" /><testcase classname="tests.test_cleanrewards_api" name="test_07_get_me_with_token" time="0.048" /><testcase classname="tests.test_cleanrewards_api" name="test_08_get_me_without_token" time="0.091" /><testcase classname="tests.test_cleanrewards_api" name="test_09_patch_me" time="0.045" /><testcase classname="tests.test_cleanrewards_api" name="test_10_list_missions" time="0.043" /><testcase classname="tests.test_cleanrewards_api" name="test_11_get_mission_m1" time="0.041" /><testcase classname="tests.test_cleanrewards_api" name="test_12_get_mission_unknown" time="0.043" /><testcase classname="tests.test_cleanrewards_api" name="test_13_submit_cleanup" time="5.301" /><testcase classname="tests.test_cleanrewards_api" name="test_14_me_reflects_cleanup" time="0.046"><skipped type="pytest.skip" message="AI did not verify cleanup — skipping increment check">/app/backend/tests/test_cleanrewards_api.py:210: AI did not verify cleanup — skipping increment check</skipped></testcase><testcase classname="tests.test_cleanrewards_api" name="test_15_cleanups_mine" time="0.044" /><testcase classname="tests.test_cleanrewards_api" name="test_16_cleanups_all" time="0.038" /><testcase classname="tests.test_cleanrewards_api" name="test_17_create_report" time="0.061" /><testcase classname="tests.test_cleanrewards_api" name="test_18_list_reports" time="0.038" /><testcase classname="tests.test_cleanrewards_api" name="test_19_leaderboard[all]" time="0.040" /><testcase classname="tests.test_cleanrewards_api" name="test_19_leaderboard[weekly]" time="0.047" /><testcase classname="tests.test_cleanrewards_api" name="test_19_leaderboard[monthly]" time="0.042" /><testcase classname="tests.test_cleanrewards_api" name="test_20_rewards" time="0.079" /><testcase classname="tests.test_cleanrewards_api" name="test_21_badges" time="0.042" /><testcase classname="tests.test_cleanrewards_api" name="test_22_notifications" time="0.046" /><testcase classname="tests.test_cleanrewards_api" name="test_23_push_token_dedup" time="0.128" /></testsuite></testsuites>