<?xml version="1.0" encoding="utf-8"?><testsuites name="pytest tests"><testsuite name="pytest" errors="0" failures="0" skipped="0" tests="29" time="6.550" timestamp="2026-08-03T17:24:06.786971+00:00" hostname="agent-env-f595dd4e-1212-418b-b091-0a0a473ba59b"><testcase classname="tests.test_admin_and_new_flows.TestAdminAuthGuard" name="test_stats_no_token_401" time="0.137" /><testcase classname="tests.test_admin_and_new_flows.TestAdminAuthGuard" name="test_stats_non_admin_403" time="0.293" /><testcase classname="tests.test_admin_and_new_flows.TestAdminAuthGuard" name="test_stats_admin_200" time="0.378" /><testcase classname="tests.test_admin_and_new_flows.TestSessionExchange" name="test_empty_body_422_or_400" time="0.044" /><testcase classname="tests.test_admin_and_new_flows.TestSessionExchange" name="test_empty_session_id_400" time="0.082" /><testcase classname="tests.test_admin_and_new_flows.TestSessionExchange" name="test_bogus_session_id_401" time="0.267" /><testcase classname="tests.test_admin_and_new_flows.TestIsAdminField" name="test_signup_is_admin_false" time="0.000" /><testcase classname="tests.test_admin_and_new_flows.TestIsAdminField" name="test_admin_login_is_admin_true" time="0.000" /><testcase classname="tests.test_admin_and_new_flows.TestAdminMissions" name="test_create_mission_as_non_admin_403" time="0.081" /><testcase classname="tests.test_admin_and_new_flows.TestAdminMissions" name="test_create_mission_as_admin_200" time="0.237" /><testcase classname="tests.test_admin_and_new_flows.TestAdminMissions" name="test_missions_list_includes_new" time="0.037" /><testcase classname="tests.test_admin_and_new_flows.TestAdminMissions" name="test_patch_mission" time="0.034" /><testcase classname="tests.test_admin_and_new_flows.TestAdminMissions" name="test_delete_mission" time="0.105" /><testcase classname="tests.test_admin_and_new_flows.TestAdminRewards" name="test_create_reward" time="0.076" /><testcase classname="tests.test_admin_and_new_flows.TestAdminRewards" name="test_rewards_catalog_includes_new" time="0.033" /><testcase classname="tests.test_admin_and_new_flows.TestAdminRewards" name="test_delete_reward_removes_from_catalog" time="0.111" /><testcase classname="tests.test_admin_and_new_flows.TestRedemptionFlow" name="test_insufficient_points_400" time="0.074" /><testcase classname="tests.test_admin_and_new_flows.TestRedemptionFlow" name="test_create_cheap_reward" time="0.074" /><testcase classname="tests.test_admin_and_new_flows.TestRedemptionFlow" name="test_earn_points_via_admin_approval" time="3.189" /><testcase classname="tests.test_admin_and_new_flows.TestRedemptionFlow" name="test_redeem_cheap_reward" time="0.153" /><testcase classname="tests.test_admin_and_new_flows.TestRedemptionFlow" name="test_redemptions_mine_shows_pending" time="0.074" /><testcase classname="tests.test_admin_and_new_flows.TestRedemptionFlow" name="test_admin_lists_pending_redemption" time="0.038" /><testcase classname="tests.test_admin_and_new_flows.TestRedemptionFlow" name="test_admin_fulfill_redemption" time="0.160" /><testcase classname="tests.test_admin_and_new_flows.TestRedemptionFlow" name="test_user_sees_fulfilled_with_code" time="0.034" /><testcase classname="tests.test_admin_and_new_flows.TestRedemptionFlow" name="test_second_redemption_and_reject_refunds" time="0.415" /><testcase classname="tests.test_admin_and_new_flows.TestAdminUsers" name="test_list_users" time="0.033" /><testcase classname="tests.test_admin_and_new_flows.TestAdminUsers" name="test_toggle_other_user_admin" time="0.069" /><testcase classname="tests.test_admin_and_new_flows.TestAdminUsers" name="test_toggle_self_admin_400" time="0.031" /><testcase classname="tests.test_admin_and_new_flows.TestPushRegister" name="test_register_push_graceful" time="0.194" /></testsuite></testsuites>